<?xml version="1.0" encoding="UTF-8"?>
<!-- Generated by org.testng.reporters.JUnitReportReporter -->
<testsuite hostname="DESKTOP-9UM4G0E" failures="0" tests="1" name="aconex.testscripts.SendAMailToGlobalGroup" time="17.836" errors="0" timestamp="06 Nov 2020 12:45:14 GMT" skipped="0">
  <testcase classname="aconex.testscripts.SendAMailToGlobalGroup" name="sendAMailToGlobalGroup" time="17.836"/>
</testsuite> <!-- aconex.testscripts.SendAMailToGlobalGroup -->
