<?xml version="1.0" encoding="UTF-8"?>
<!-- Generated by org.testng.reporters.JUnitReportReporter -->
<testsuite hostname="DESKTOP-9UM4G0E" failures="0" tests="2" name="aconex.testscripts.SendAMailAndValidate" time="26.752" errors="0" timestamp="08 Nov 2020 18:53:01 GMT" skipped="0">
  <testcase classname="aconex.testscripts.SendAMailAndValidate" name="sendAMailToGlobalGroup" time="22.274"/>
  <testcase classname="aconex.testscripts.SendAMailAndValidate" name="searchEmailAndValidate" time="4.478"/>
</testsuite> <!-- aconex.testscripts.SendAMailAndValidate -->
