<?xml version="1.0" encoding="UTF-8"?>
<!-- Generated by org.testng.reporters.JUnitReportReporter -->
<testsuite hostname="DESKTOP-9UM4G0E" failures="0" tests="2" name="aconex.testscripts.UploadDocumentAndValidate" time="23.246" errors="0" timestamp="08 Nov 2020 18:53:01 GMT" skipped="0">
  <testcase classname="aconex.testscripts.UploadDocumentAndValidate" name="uploadDocument" time="17.010"/>
  <testcase classname="aconex.testscripts.UploadDocumentAndValidate" name="searchForUploadedDocument" time="6.236"/>
</testsuite> <!-- aconex.testscripts.UploadDocumentAndValidate -->
